  main.cpp
D:\Code\TCDNotes\CG\labs\Lab04\assimp\include\assimp\material.inl(91,15): error C2589: '(': illegal token on right side of '::'
D:\Code\TCDNotes\CG\labs\Lab04\assimp\include\assimp\material.inl(91,15): error C3878: syntax error: unexpected token '(' following 'expression'
D:\Code\TCDNotes\CG\labs\Lab04\assimp\include\assimp\material.inl(91,15): message : error recovery skipped: '( ( (  . . . identifier'
D:\Code\TCDNotes\CG\labs\Lab04\assimp\include\assimp\material.inl(91,15): error C2760: syntax error: ')' was unexpected here; expected ';'
D:\Code\TCDNotes\CG\labs\Lab04\assimp\include\assimp\material.inl(91,15): error C3878: syntax error: unexpected token ')' following 'expression_statement'
D:\Code\TCDNotes\CG\labs\Lab04\assimp\include\assimp\material.inl(91,15): error C3878: syntax error: unexpected token ')' following 'statement'
D:\Code\TCDNotes\CG\labs\Lab04\assimp\include\assimp\material.inl(91,15): error C3878: syntax error: unexpected token ')' following 'statement_seq'
D:\Code\TCDNotes\CG\labs\Lab04\assimp\include\assimp\material.inl(91,15): error C2760: syntax error: ')' was unexpected here; expected '}'
D:\Code\TCDNotes\CG\labs\Lab04\assimp\include\assimp\material.inl(91,15): error C3878: syntax error: unexpected token ')' following 'compound_statement'
D:\Code\TCDNotes\CG\labs\Lab04\assimp\include\assimp\material.inl(91,15): error C3878: syntax error: unexpected token ')' following 'selection_statement'
D:\Code\TCDNotes\CG\labs\Lab04\assimp\include\assimp\material.inl(91,15): message : error recovery skipped: ')'
D:\Code\TCDNotes\CG\labs\Lab04\assimp\include\assimp\material.inl(91,15): message : error recovery skipped: ') <'
D:\Code\TCDNotes\CG\labs\Lab04\assimp\include\assimp\material.inl(91,15): message : error recovery skipped: ') ?'
D:\Code\TCDNotes\CG\labs\Lab04\assimp\include\assimp\material.inl(91,15): error C2760: syntax error: ':' was unexpected here; expected ';'
D:\Code\TCDNotes\CG\labs\Lab04\assimp\include\assimp\material.inl(91,15): error C3878: syntax error: unexpected token ':' following 'expression_statement'
D:\Code\TCDNotes\CG\labs\Lab04\assimp\include\assimp\material.inl(91,15): message : error recovery skipped: ':'
D:\Code\TCDNotes\CG\labs\Lab04\assimp\include\assimp\material.inl(91,15): message : error recovery skipped: ')'
D:\Code\TCDNotes\CG\labs\Lab04\main.cpp(35,1): error C5208: unnamed class used in typedef name cannot declare members other than non-static data members, member enumerations, or member classes
  maths_funcs.cpp
